<?xml version="1.0" encoding="UTF-8"?>
<!-- Generated by org.testng.reporters.JUnitXMLReporter -->
<testsuite hostname="LAPTOP-AVRRS09O" ignored="0" name="BankingApp Test" tests="2" failures="0" timestamp="31 Mar 2020 11:13:52 GMT" time="131.32" errors="0">
  <testcase name="LoginTest" time="38.958" classname="com.inetbanking.TestCases.TC_LoginTest_01"/>
  <testcase name="addNewCustomer" time="27.614" classname="com.inetbanking.TestCases.TC_AddCustomerTest_03"/>
</testsuite> <!-- BankingApp Test -->
