<?xml version="1.0" encoding="UTF-8"?>
<testng-results skipped="0" failed="0" ignored="0" total="2" passed="2">
  <reporter-output>
  </reporter-output>
  <suite name="InetBankingV1" duration-ms="131320" started-at="2020-03-31T11:11:41Z" finished-at="2020-03-31T11:13:52Z">
    <groups>
    </groups>
    <test name="BankingApp Test" duration-ms="131320" started-at="2020-03-31T11:11:41Z" finished-at="2020-03-31T11:13:52Z">
      <class name="com.inetbanking.TestCases.TC_AddCustomerTest_03">
        <test-method status="PASS" signature="setup(java.lang.String)[pri:0, instance:com.inetbanking.TestCases.TC_AddCustomerTest_03@458ad742]" name="setup" is-config="true" duration-ms="21322" started-at="2020-03-31T11:13:03Z" finished-at="2020-03-31T11:13:24Z">
          <params>
            <param index="0">
              <value>
                <![CDATA[chrome]]>
              </value>
            </param>
          </params>
          <reporter-output>
          </reporter-output>
        </test-method> <!-- setup -->
        <test-method status="PASS" signature="addNewCustomer()[pri:0, instance:com.inetbanking.TestCases.TC_AddCustomerTest_03@458ad742]" name="addNewCustomer" duration-ms="27614" started-at="2020-03-31T11:13:24Z" finished-at="2020-03-31T11:13:52Z">
          <reporter-output>
          </reporter-output>
        </test-method> <!-- addNewCustomer -->
        <test-method status="PASS" signature="tearDown()[pri:0, instance:com.inetbanking.TestCases.TC_AddCustomerTest_03@458ad742]" name="tearDown" is-config="true" duration-ms="644" started-at="2020-03-31T11:13:52Z" finished-at="2020-03-31T11:13:52Z">
          <reporter-output>
          </reporter-output>
        </test-method> <!-- tearDown -->
      </class> <!-- com.inetbanking.TestCases.TC_AddCustomerTest_03 -->
      <class name="com.inetbanking.TestCases.TC_LoginTest_01">
        <test-method status="PASS" signature="setup(java.lang.String)[pri:0, instance:com.inetbanking.TestCases.TC_LoginTest_01@2344fc66]" name="setup" is-config="true" duration-ms="41944" started-at="2020-03-31T11:11:41Z" finished-at="2020-03-31T11:12:23Z">
          <params>
            <param index="0">
              <value>
                <![CDATA[chrome]]>
              </value>
            </param>
          </params>
          <reporter-output>
          </reporter-output>
        </test-method> <!-- setup -->
        <test-method status="PASS" signature="LoginTest()[pri:0, instance:com.inetbanking.TestCases.TC_LoginTest_01@2344fc66]" name="LoginTest" duration-ms="38958" started-at="2020-03-31T11:12:23Z" finished-at="2020-03-31T11:13:02Z">
          <reporter-output>
          </reporter-output>
        </test-method> <!-- LoginTest -->
        <test-method status="PASS" signature="tearDown()[pri:0, instance:com.inetbanking.TestCases.TC_LoginTest_01@2344fc66]" name="tearDown" is-config="true" duration-ms="625" started-at="2020-03-31T11:13:02Z" finished-at="2020-03-31T11:13:03Z">
          <reporter-output>
          </reporter-output>
        </test-method> <!-- tearDown -->
      </class> <!-- com.inetbanking.TestCases.TC_LoginTest_01 -->
    </test> <!-- BankingApp Test -->
  </suite> <!-- InetBankingV1 -->
</testng-results>
