<?xml version="1.0" encoding="UTF-8"?>
<!-- Generated by org.testng.reporters.JUnitXMLReporter -->
<testsuite hostname="LAPTOP-AVRRS09O" ignored="0" name="BankingApp Test(failed)" tests="3" failures="3" timestamp="28 Mar 2020 15:01:01 GMT" time="119.541" errors="0">
  <testcase name="getdata" time="39.859" classname="com.inetbanking.TestCases.TC_LoginDDT_02">
    <failure type="java.lang.AssertionError" message="expected [true] but found [false]">
      <![CDATA[java.lang.AssertionError: expected [true] but found [false]
at com.inetbanking.TestCases.TC_LoginDDT_02.getdata(TC_LoginDDT_02.java:32)
... Removed 29 stack frames]]>
    </failure>
  </testcase> <!-- getdata -->
  <testcase name="getdata" time="34.458" classname="com.inetbanking.TestCases.TC_LoginDDT_02">
    <failure type="java.lang.AssertionError" message="expected [true] but found [false]">
      <![CDATA[java.lang.AssertionError: expected [true] but found [false]
at com.inetbanking.TestCases.TC_LoginDDT_02.getdata(TC_LoginDDT_02.java:32)
... Removed 29 stack frames]]>
    </failure>
  </testcase> <!-- getdata -->
  <testcase name="getdata" time="12.194" classname="com.inetbanking.TestCases.TC_LoginDDT_02">
    <failure type="java.lang.AssertionError" message="expected [true] but found [false]">
      <![CDATA[java.lang.AssertionError: expected [true] but found [false]
at com.inetbanking.TestCases.TC_LoginDDT_02.getdata(TC_LoginDDT_02.java:32)
... Removed 29 stack frames]]>
    </failure>
  </testcase> <!-- getdata -->
</testsuite> <!-- BankingApp Test(failed) -->
